#
# There is insufficient memory for the Java Runtime Environment to continue.
# Native memory allocation (malloc) failed to allocate 415728 bytes for Chunk::new
# Possible reasons:
#   The system is out of physical RAM or swap space
#   The process is running with CompressedOops enabled, and the Java Heap may be blocking the growth of the native heap
# Possible solutions:
#   Reduce memory load on the system
#   Increase physical memory or swap space
#   Check if swap backing store is full
#   Decrease Java heap size (-Xmx/-Xms)
#   Decrease number of Java threads
#   Decrease Java thread stack sizes (-Xss)
#   Set larger code cache with -XX:ReservedCodeCacheSize=
#   JVM is running with Unscaled Compressed Oops mode in which the Java heap is
#     placed in the first 4GB address space. The Java Heap base address is the
#     maximum limit for the native heap growth. Please use -XX:HeapBaseMinAddress
#     to set the Java Heap base and to place the Java Heap above 4GB virtual address.
# This output file may be truncated or incomplete.
#
#  Out of Memory Error (arena.cpp:189), pid=12248, tid=4864
#
# JRE version: OpenJDK Runtime Environment JBR-17.0.8.1+7-1059.3-nomod (17.0.8.1+7) (build 17.0.8.1+7-b1059.3)
# Java VM: OpenJDK 64-Bit Server VM JBR-17.0.8.1+7-1059.3-nomod (17.0.8.1+7-b1059.3, mixed mode, tiered, compressed oops, compressed class ptrs, g1 gc, windows-amd64)
# No core dump will be written. Minidumps are not enabled by default on client versions of Windows
#

---------------  S U M M A R Y ------------

Command Line: -javaagent:C:\Program Files\JetBrains\IntelliJ IDEA 2023.2.2\lib\idea_rt.jar=56186:C:\Program Files\JetBrains\IntelliJ IDEA 2023.2.2\bin -Dfile.encoding=UTF-8 org.example.Main

Host: Intel(R) Core(TM) i5-7300U CPU @ 2.60GHz, 4 cores, 7G,  Windows 10 , 64 bit Build 19041 (10.0.19041.3636)
Time: Thu Apr  4 02:22:50 2024 Paris, Madrid (heure duild 19041 (10.0.19041.3636) elapsed time: 0.584989 seconds (0d 0h 0m 0s)

---------------  T H R E A D  ---------------

Current thread (0x000001dc2baa9910):  JavaThread "C2 CompilerThread0" daemon [_thread_in_native, id=4864, stack(0x0000003670000000,0x0000003670100000)]


Current CompileTask:
C2:    585  401       4       java.util.Properties::loadConvert (540 bytes)

Stack: [0x0000003670000000,0x0000003670100000]
Native frames: (J=compiled Java code, j=interpreted, Vv=VM code, C=native code)
V  [jvm.dll+0x6852da]


---------------  P R O C E S S  ---------------

Threads class SMR info:
_java_thread_list=0x000001dc300a7630, length=15, elements={
0x000001dc1020cad0, 0x000001dc2b950260, 0x000001dc2b951880, 0x000001dc2b939550,
0x000001dc2b93d030, 0x000001dc2baa47a0, 0x000001dc2baa5070, 0x000001dc2baa9910,
0x000001dc2baab160, 0x000001dc2bac7260, 0x000001dc2b8b7900, 0x000001dc2bcdea40,
0x000001dc2bcdef20, 0x000001dc300a17a0, 0x000001dc300a6e20
}

Java Threads: ( => current thread )
  0x000001dc1020cad0 JavaThread "main" [_thread_in_vm, id=7660, stack(0x000000366f200000,0x000000366f300000)]
  0x000001dc2b950260 JavaThread "Reference Handler" daemon [_thread_blocked, id=2464, stack(0x000000366f900000,0x000000366fa00000)]
  0x000001dc2b951880 JavaThread "Finalizer" daemon [_thread_blocked, id=6800, stack(0x000000366fa00000,0x000000366fb00000)]
  0x000001dc2b939550 JavaThread "Signal Dispatcher" daemon [_thread_blocked, id=10852, stack(0x000000366fc00000,0x000000366fd00000)]
  0x000001dc2b93d030 JavaThread "Attach Listener" daemon [_thread_blocked, id=5128, stack(0x000000366fd00000,0x000000366fe00000)]
  0x000001dc2baa47a0 JavaThread "Service Thread" daemon [_thread_blocked, id=12344, stack(0x000000366fe00000,0x000000366ff00000)]
  0x000001dc2baa5070 JavaThread "Monitor Deflation Thread" daemon [_thread_blocked, id=9592, stack(0x000000366ff00000,0x0000003670000000)]
=>0x000001dc2baa9910 JavaThread "C2 CompilerThread0" daemon [_thread_in_native, id=4864, stack(0x0000003670000000,0x0000003670100000)]
  0x000001dc2baab160 JavaThread "C1 CompilerThread0" daemon [_thread_in_native, id=6060, stack(0x0000003670100000,0x0000003670200000)]
  0x000001dc2bac7260 JavaThread "Sweeper thread" daemon [_thread_blocked, id=4556, stack(0x0000003670200000,0x0000003670300000)]
  0x000001dc2b8b7900 JavaThread "Common-Cleaner" daemon [_thread_blocked, id=16652, stack(0x0000003670300000,0x0000003670400000)]
  0x000001dc2bcdea40 JavaThread "Monitor Ctrl-Break" daemon [_thread_in_native, id=12824, stack(0x0000003670400000,0x0000003670500000)]
  0x000001dc2bcdef20 JavaThread "Notification Thread" daemon [_thread_blocked, id=912, stack(0x0000003670500000,0x0000003670600000)]
  0x000001dc300a17a0 JavaThread "mysql-cj-abandoned-connection-cleanup" daemon [_thread_blocked, id=5816, stack(0x0000003670700000,0x0000003670800000)]
  0x000001dc300a6e20 JavaThread "C2 CompilerThread1" daemon [_thread_in_native, id=13272, stack(0x0000003670800000,0x0000003670900000)]

Other Threads:
  0x000001dc2b92de90 VMThread "VM Thread" [stack: 0x000000366f800000,0x000000366f900000] [id=7536]
  0x000001dc1027e3b0 WatcherThread [stack: 0x0000003670600000,0x0000003670700000] [id=4928]
  0x000001dc10265370 GCTaskThread "GC Thread#0" [stack: 0x000000366f300000,0x000000366f400000] [id=3560]
  0x000001dc10275f00 ConcurrentGCThread "G1 Main Marker" [stack: 0x000000366f400000,0x000000366f500000] [id=3200]
  0x000001dc102770b0 ConcurrentGCThread "G1 Conc#0" [stack: 0x000000366f500000,0x000000366f600000] [id=3144]
  0x000001dc102cec50 ConcurrentGCThread "G1 Refine#0" [stack: 0x000000366f600000,0x000000366f700000] [id=9628]
  0x000001dc2b782bf0 ConcurrentGCThread "G1 Service" [stack: 0x000000366f700000,0x000000366f800000] [id=1016]

Threads with active compile tasks:
C2 CompilerThread0      599  401       4       java.util.Properties::loadConvert (540 bytes)
C1 CompilerThread0      599  435       3       sun.invoke.util.VerifyAccess::isSamePackage (37 bytes)
C2 CompilerThread1      600  407 %     4       java.util.Properties$LineReader::readLine @ 53 (584 bytes)

VM state: not at safepoint (normal execution)

VM Mutex/Monitor currently owned by a thread: None

Heap address: 0x0000000081e00000, size: 2018 MB, Compressed Oops mode: 32-bit

CDS archive(s) not mapped
Compressed class space mapped at: 0x0000000100000000-0x0000000140000000, reserved size: 1073741824
Narrow klass base: 0x0000000000000000, Narrow klass shift: 3, Narrow klass range: 0x140000000

GC Precious Log:
 CPUs: 4 total, 4 available
 Memory: 8067M
 Large Page Support: Disabled
 NUMA Support: Disabled
 Compressed Oops: Enabled (32-bit)
 Heap Region Size: 1M
 Heap Min Capacity: 8M
 Heap Initial Capacity: 128M
 Heap Max Capacity: 2018M
 Pre-touch: Disabled
 Parallel Workers: 4
 Concurrent Workers: 1
 Concurrent Refinement Workers: 4
 Periodic GC: Disabled

Heap:
 garbage-first heap   total 131072K, used 4096K [0x0000000081e00000, 0x0000000100000000)
  region size 1024K, 5 young (5120K), 0 survivors (0K)
 Metaspace       used 9086K, committed 9216K, reserved 1114112K
  class space    used 825K, committed 896K, reserved 1048576K

Heap Regions: E=young(eden), S=young(survivor), O=old, HS=humongous(starts), HC=humongous(continues), CS=collection set, F=free, OA=open archive, CA=closed archive, TAMS=top-at-mark-start (previous, next)
|   0|0x0000000081e00000, 0x0000000081e00000, 0x0000000081f00000|  0%| F|  |TAMS 0x0000000081e00000, 0x0000000081e00000| Untracked 
|   1|0x0000000081f00000, 0x0000000081f00000, 0x0000000082000000|  0%| F|  |TAMS 0x0000000081f00000, 0x0000000081f00000| Untracked 
|   2|0x0000000082000000, 0x0000000082000000, 0x0000000082100000|  0%| F|  |TAMS 0x0000000082000000, 0x0000000082000000| Untracked 
|   3|0x0000000082100000, 0x0000000082100000, 0x0000000082200000|  0%| F|  |TAMS 0x0000000082100000, 0x0000000082100000| Untracked 
|   4|0x0000000082200000, 0x0000000082200000, 0x0000000082300000|  0%| F|  |TAMS 0x0000000082200000, 0x0000000082200000| Untracked 
|   5|0x0000000082300000, 0x0000000082300000, 0x0000000082400000|  0%| F|  |TAMS 0x0000000082300000, 0x0000000082300000| Untracked 
|   6|0x0000000082400000, 0x0000000082400000, 0x0000000082500000|  0%| F|  |TAMS 0x0000000082400000, 0x0000000082400000| Untracked 
|   7|0x0000000082500000, 0x0000000082500000, 0x0000000082600000|  0%| F|  |TAMS 0x0000000082500000, 0x0000000082500000| Untracked 
|   8|0x0000000082600000, 0x0000000082600000, 0x0000000082700000|  0%| F|  |TAMS 0x0000000082600000, 0x0000000082600000| Untracked 
|   9|0x0000000082700000, 0x0000000082700000, 0x0000000082800000|  0%| F|  |TAMS 0x0000000082700000, 0x0000000082700000| Untracked 
|  10|0x0000000082800000, 0x0000000082800000, 0x0000000082900000|  0%| F|  |TAMS 0x0000000082800000, 0x0000000082800000| Untracked 
|  11|0x0000000082900000, 0x0000000082900000, 0x0000000082a00000|  0%| F|  |TAMS 0x0000000082900000, 0x0000000082900000| Untracked 
|  12|0x0000000082a00000, 0x0000000082a00000, 0x0000000082b00000|  0%| F|  |TAMS 0x0000000082a00000, 0x0000000082a00000| Untracked 
|  13|0x0000000082b00000, 0x0000000082b00000, 0x0000000082c00000|  0%| F|  |TAMS 0x0000000082b00000, 0x0000000082b00000| Untracked 
|  14|0x0000000082c00000, 0x0000000082c00000, 0x0000000082d00000|  0%| F|  |TAMS 0x0000000082c00000, 0x0000000082c00000| Untracked 
|  15|0x0000000082d00000, 0x0000000082d00000, 0x0000000082e00000|  0%| F|  |TAMS 0x0000000082d00000, 0x0000000082d00000| Untracked 
|  16|0x0000000082e00000, 0x0000000082e00000, 0x0000000082f00000|  0%| F|  |TAMS 0x0000000082e00000, 0x0000000082e00000| Untracked 
|  17|0x0000000082f00000, 0x0000000082f00000, 0x0000000083000000|  0%| F|  |TAMS 0x0000000082f00000, 0x0000000082f00000| Untracked 
|  18|0x0000000083000000, 0x0000000083000000, 0x0000000083100000|  0%| F|  |TAMS 0x0000000083000000, 0x0000000083000000| Untracked 
|  19|0x0000000083100000, 0x0000000083100000, 0x0000000083200000|  0%| F|  |TAMS 0x0000000083100000, 0x0000000083100000| Untracked 
|  20|0x0000000083200000, 0x0000000083200000, 0x0000000083300000|  0%| F|  |TAMS 0x0000000083200000, 0x0000000083200000| Untracked 
|  21|0x0000000083300000, 0x0000000083300000, 0x0000000083400000|  0%| F|  |TAMS 0x0000000083300000, 0x0000000083300000| Untracked 
|  22|0x0000000083400000, 0x0000000083400000, 0x0000000083500000|  0%| F|  |TAMS 0x0000000083400000, 0x0000000083400000| Untracked 
|  23|0x0000000083500000, 0x0000000083500000, 0x0000000083600000|  0%| F|  |TAMS 0x0000000083500000, 0x0000000083500000| Untracked 
|  24|0x0000000083600000, 0x0000000083600000, 0x0000000083700000|  0%| F|  |TAMS 0x0000000083600000, 0x0000000083600000| Untracked 
|  25|0x0000000083700000, 0x0000000083700000, 0x0000000083800000|  0%| F|  |TAMS 0x0000000083700000, 0x0000000083700000| Untracked 
|  26|0x0000000083800000, 0x0000000083800000, 0x0000000083900000|  0%| F|  |TAMS 0x0000000083800000, 0x0000000083800000| Untracked 
|  27|0x0000000083900000, 0x0000000083900000, 0x0000000083a00000|  0%| F|  |TAMS 0x0000000083900000, 0x0000000083900000| Untracked 
|  28|0x0000000083a00000, 0x0000000083a00000, 0x0000000083b00000|  0%| F|  |TAMS 0x0000000083a00000, 0x0000000083a00000| Untracked 
|  29|0x0000000083b00000, 0x0000000083b00000, 0x0000000083c00000|  0%| F|  |TAMS 0x0000000083b00000, 0x0000000083b00000| Untracked 
|  30|0x0000000083c00000, 0x0000000083c00000, 0x0000000083d00000|  0%| F|  |TAMS 0x0000000083c00000, 0x0000000083c00000| Untracked 
|  31|0x0000000083d00000, 0x0000000083d00000, 0x0000000083e00000|  0%| F|  |TAMS 0x0000000083d00000, 0x0000000083d00000| Untracked 
|  32|0x0000000083e00000, 0x0000000083e00000, 0x0000000083f00000|  0%| F|  |TAMS 0x0000000083e00000, 0x0000000083e00000| Untracked 
|  33|0x0000000083f00000, 0x0000000083f00000, 0x0000000084000000|  0%| F|  |TAMS 0x0000000083f00000, 0x0000000083f00000| Untracked 
|  34|0x0000000084000000, 0x0000000084000000, 0x0000000084100000|  0%| F|  |TAMS 0x0000000084000000, 0x0000000084000000| Untracked 
|  35|0x0000000084100000, 0x0000000084100000, 0x0000000084200000|  0%| F|  |TAMS 0x0000000084100000, 0x0000000084100000| Untracked 
|  36|0x0000000084200000, 0x0000000084200000, 0x0000000084300000|  0%| F|  |TAMS 0x0000000084200000, 0x0000000084200000| Untracked 
|  37|0x0000000084300000, 0x0000000084300000, 0x0000000084400000|  0%| F|  |TAMS 0x0000000084300000, 0x0000000084300000| Untracked 
|  38|0x0000000084400000, 0x0000000084400000, 0x0000000084500000|  0%| F|  |TAMS 0x0000000084400000, 0x0000000084400000| Untracked 
|  39|0x0000000084500000, 0x0000000084500000, 0x0000000084600000|  0%| F|  |TAMS 0x0000000084500000, 0x0000000084500000| Untracked 
|  40|0x0000000084600000, 0x0000000084600000, 0x0000000084700000|  0%| F|  |TAMS 0x0000000084600000, 0x0000000084600000| Untracked 
|  41|0x0000000084700000, 0x0000000084700000, 0x0000000084800000|  0%| F|  |TAMS 0x0000000084700000, 0x0000000084700000| Untracked 
|  42|0x0000000084800000, 0x0000000084800000, 0x0000000084900000|  0%| F|  |TAMS 0x0000000084800000, 0x0000000084800000| Untracked 
|  43|0x0000000084900000, 0x0000000084900000, 0x0000000084a00000|  0%| F|  |TAMS 0x0000000084900000, 0x0000000084900000| Untracked 
|  44|0x0000000084a00000, 0x0000000084a00000, 0x0000000084b00000|  0%| F|  |TAMS 0x0000000084a00000, 0x0000000084a00000| Untracked 
|  45|0x0000000084b00000, 0x0000000084b00000, 0x0000000084c00000|  0%| F|  |TAMS 0x0000000084b00000, 0x0000000084b00000| Untracked 
|  46|0x0000000084c00000, 0x0000000084c00000, 0x0000000084d00000|  0%| F|  |TAMS 0x0000000084c00000, 0x0000000084c00000| Untracked 
|  47|0x0000000084d00000, 0x0000000084d00000, 0x0000000084e00000|  0%| F|  |TAMS 0x0000000084d00000, 0x0000000084d00000| Untracked 
|  48|0x0000000084e00000, 0x0000000084e00000, 0x0000000084f00000|  0%| F|  |TAMS 0x0000000084e00000, 0x0000000084e00000| Untracked 
|  49|0x0000000084f00000, 0x0000000084f00000, 0x0000000085000000|  0%| F|  |TAMS 0x0000000084f00000, 0x0000000084f00000| Untracked 
|  50|0x0000000085000000, 0x0000000085000000, 0x0000000085100000|  0%| F|  |TAMS 0x0000000085000000, 0x0000000085000000| Untracked 
|  51|0x0000000085100000, 0x0000000085100000, 0x0000000085200000|  0%| F|  |TAMS 0x0000000085100000, 0x0000000085100000| Untracked 
|  52|0x0000000085200000, 0x0000000085200000, 0x0000000085300000|  0%| F|  |TAMS 0x0000000085200000, 0x0000000085200000| Untracked 
|  53|0x0000000085300000, 0x0000000085300000, 0x0000000085400000|  0%| F|  |TAMS 0x0000000085300000, 0x0000000085300000| Untracked 
|  54|0x0000000085400000, 0x0000000085400000, 0x0000000085500000|  0%| F|  |TAMS 0x0000000085400000, 0x0000000085400000| Untracked 
|  55|0x0000000085500000, 0x0000000085500000, 0x0000000085600000|  0%| F|  |TAMS 0x0000000085500000, 0x0000000085500000| Untracked 
|  56|0x0000000085600000, 0x0000000085600000, 0x0000000085700000|  0%| F|  |TAMS 0x0000000085600000, 0x0000000085600000| Untracked 
|  57|0x0000000085700000, 0x0000000085700000, 0x0000000085800000|  0%| F|  |TAMS 0x0000000085700000, 0x0000000085700000| Untracked 
|  58|0x0000000085800000, 0x0000000085800000, 0x0000000085900000|  0%| F|  |TAMS 0x0000000085800000, 0x0000000085800000| Untracked 
|  59|0x0000000085900000, 0x0000000085900000, 0x0000000085a00000|  0%| F|  |TAMS 0x0000000085900000, 0x0000000085900000| Untracked 
|  60|0x0000000085a00000, 0x0000000085a00000, 0x0000000085b00000|  0%| F|  |TAMS 0x0000000085a00000, 0x0000000085a00000| Untracked 
|  61|0x0000000085b00000, 0x0000000085b00000, 0x0000000085c00000|  0%| F|  |TAMS 0x0000000085b00000, 0x0000000085b00000| Untracked 
|  62|0x0000000085c00000, 0x0000000085c00000, 0x0000000085d00000|  0%| F|  |TAMS 0x0000000085c00000, 0x0000000085c00000| Untracked 
|  63|0x0000000085d00000, 0x0000000085d00000, 0x0000000085e00000|  0%| F|  |TAMS 0x0000000085d00000, 0x0000000085d00000| Untracked 
|  64|0x0000000085e00000, 0x0000000085e00000, 0x0000000085f00000|  0%| F|  |TAMS 0x0000000085e00000, 0x0000000085e00000| Untracked 
|  65|0x0000000085f00000, 0x0000000085f00000, 0x0000000086000000|  0%| F|  |TAMS 0x0000000085f00000, 0x0000000085f00000| Untracked 
|  66|0x0000000086000000, 0x0000000086000000, 0x0000000086100000|  0%| F|  |TAMS 0x0000000086000000, 0x0000000086000000| Untracked 
|  67|0x0000000086100000, 0x0000000086100000, 0x0000000086200000|  0%| F|  |TAMS 0x0000000086100000, 0x0000000086100000| Untracked 
|  68|0x0000000086200000, 0x0000000086200000, 0x0000000086300000|  0%| F|  |TAMS 0x0000000086200000, 0x0000000086200000| Untracked 
|  69|0x0000000086300000, 0x0000000086300000, 0x0000000086400000|  0%| F|  |TAMS 0x0000000086300000, 0x0000000086300000| Untracked 
|  70|0x0000000086400000, 0x0000000086400000, 0x0000000086500000|  0%| F|  |TAMS 0x0000000086400000, 0x0000000086400000| Untracked 
|  71|0x0000000086500000, 0x0000000086500000, 0x0000000086600000|  0%| F|  |TAMS 0x0000000086500000, 0x0000000086500000| Untracked 
|  72|0x0000000086600000, 0x0000000086600000, 0x0000000086700000|  0%| F|  |TAMS 0x0000000086600000, 0x0000000086600000| Untracked 
|  73|0x0000000086700000, 0x0000000086700000, 0x0000000086800000|  0%| F|  |TAMS 0x0000000086700000, 0x0000000086700000| Untracked 
|  74|0x0000000086800000, 0x0000000086800000, 0x0000000086900000|  0%| F|  |TAMS 0x0000000086800000, 0x0000000086800000| Untracked 
|  75|0x0000000086900000, 0x0000000086900000, 0x0000000086a00000|  0%| F|  |TAMS 0x0000000086900000, 0x0000000086900000| Untracked 
|  76|0x0000000086a00000, 0x0000000086a00000, 0x0000000086b00000|  0%| F|  |TAMS 0x0000000086a00000, 0x0000000086a00000| Untracked 
|  77|0x0000000086b00000, 0x0000000086b00000, 0x0000000086c00000|  0%| F|  |TAMS 0x0000000086b00000, 0x0000000086b00000| Untracked 
|  78|0x0000000086c00000, 0x0000000086c00000, 0x0000000086d00000|  0%| F|  |TAMS 0x0000000086c00000, 0x0000000086c00000| Untracked 
|  79|0x0000000086d00000, 0x0000000086d00000, 0x0000000086e00000|  0%| F|  |TAMS 0x0000000086d00000, 0x0000000086d00000| Untracked 
|  80|0x0000000086e00000, 0x0000000086e00000, 0x0000000086f00000|  0%| F|  |TAMS 0x0000000086e00000, 0x0000000086e00000| Untracked 
|  81|0x0000000086f00000, 0x0000000086f00000, 0x0000000087000000|  0%| F|  |TAMS 0x0000000086f00000, 0x0000000086f00000| Untracked 
|  82|0x0000000087000000, 0x0000000087000000, 0x0000000087100000|  0%| F|  |TAMS 0x0000000087000000, 0x0000000087000000| Untracked 
|  83|0x0000000087100000, 0x0000000087100000, 0x0000000087200000|  0%| F|  |TAMS 0x0000000087100000, 0x0000000087100000| Untracked 
|  84|0x0000000087200000, 0x0000000087200000, 0x0000000087300000|  0%| F|  |TAMS 0x0000000087200000, 0x0000000087200000| Untracked 
|  85|0x0000000087300000, 0x0000000087300000, 0x0000000087400000|  0%| F|  |TAMS 0x0000000087300000, 0x0000000087300000| Untracked 
|  86|0x0000000087400000, 0x0000000087400000, 0x0000000087500000|  0%| F|  |TAMS 0x0000000087400000, 0x0000000087400000| Untracked 
|  87|0x0000000087500000, 0x0000000087500000, 0x0000000087600000|  0%| F|  |TAMS 0x0000000087500000, 0x0000000087500000| Untracked 
|  88|0x0000000087600000, 0x0000000087600000, 0x0000000087700000|  0%| F|  |TAMS 0x0000000087600000, 0x0000000087600000| Untracked 
|  89|0x0000000087700000, 0x0000000087700000, 0x0000000087800000|  0%| F|  |TAMS 0x0000000087700000, 0x0000000087700000| Untracked 
|  90|0x0000000087800000, 0x0000000087800000, 0x0000000087900000|  0%| F|  |TAMS 0x0000000087800000, 0x0000000087800000| Untracked 
|  91|0x0000000087900000, 0x0000000087900000, 0x0000000087a00000|  0%| F|  |TAMS 0x0000000087900000, 0x0000000087900000| Untracked 
|  92|0x0000000087a00000, 0x0000000087a00000, 0x0000000087b00000|  0%| F|  |TAMS 0x0000000087a00000, 0x0000000087a00000| Untracked 
|  93|0x0000000087b00000, 0x0000000087b00000, 0x0000000087c00000|  0%| F|  |TAMS 0x0000000087b00000, 0x0000000087b00000| Untracked 
|  94|0x0000000087c00000, 0x0000000087c00000, 0x0000000087d00000|  0%| F|  |TAMS 0x0000000087c00000, 0x0000000087c00000| Untracked 
|  95|0x0000000087d00000, 0x0000000087d00000, 0x0000000087e00000|  0%| F|  |TAMS 0x0000000087d00000, 0x0000000087d00000| Untracked 
|  96|0x0000000087e00000, 0x0000000087e00000, 0x0000000087f00000|  0%| F|  |TAMS 0x0000000087e00000, 0x0000000087e00000| Untracked 
|  97|0x0000000087f00000, 0x0000000087f00000, 0x0000000088000000|  0%| F|  |TAMS 0x0000000087f00000, 0x0000000087f00000| Untracked 
|  98|0x0000000088000000, 0x0000000088000000, 0x0000000088100000|  0%| F|  |TAMS 0x0000000088000000, 0x0000000088000000| Untracked 
|  99|0x0000000088100000, 0x0000000088100000, 0x0000000088200000|  0%| F|  |TAMS 0x0000000088100000, 0x0000000088100000| Untracked 
| 100|0x0000000088200000, 0x0000000088200000, 0x0000000088300000|  0%| F|  |TAMS 0x0000000088200000, 0x0000000088200000| Untracked 
| 101|0x0000000088300000, 0x0000000088300000, 0x0000000088400000|  0%| F|  |TAMS 0x0000000088300000, 0x0000000088300000| Untracked 
| 102|0x0000000088400000, 0x0000000088400000, 0x0000000088500000|  0%| F|  |TAMS 0x0000000088400000, 0x0000000088400000| Untracked 
| 103|0x0000000088500000, 0x0000000088500000, 0x0000000088600000|  0%| F|  |TAMS 0x0000000088500000, 0x0000000088500000| Untracked 
| 104|0x0000000088600000, 0x0000000088600000, 0x0000000088700000|  0%| F|  |TAMS 0x0000000088600000, 0x0000000088600000| Untracked 
| 105|0x0000000088700000, 0x0000000088700000, 0x0000000088800000|  0%| F|  |TAMS 0x0000000088700000, 0x0000000088700000| Untracked 
| 106|0x0000000088800000, 0x0000000088800000, 0x0000000088900000|  0%| F|  |TAMS 0x0000000088800000, 0x0000000088800000| Untracked 
| 107|0x0000000088900000, 0x0000000088900000, 0x0000000088a00000|  0%| F|  |TAMS 0x0000000088900000, 0x0000000088900000| Untracked 
| 108|0x0000000088a00000, 0x0000000088a00000, 0x0000000088b00000|  0%| F|  |TAMS 0x0000000088a00000, 0x0000000088a00000| Untracked 
| 109|0x0000000088b00000, 0x0000000088b00000, 0x0000000088c00000|  0%| F|  |TAMS 0x0000000088b00000, 0x0000000088b00000| Untracked 
| 110|0x0000000088c00000, 0x0000000088c00000, 0x0000000088d00000|  0%| F|  |TAMS 0x0000000088c00000, 0x0000000088c00000| Untracked 
| 111|0x0000000088d00000, 0x0000000088d00000, 0x0000000088e00000|  0%| F|  |TAMS 0x0000000088d00000, 0x0000000088d00000| Untracked 
| 112|0x0000000088e00000, 0x0000000088e00000, 0x0000000088f00000|  0%| F|  |TAMS 0x0000000088e00000, 0x0000000088e00000| Untracked 
| 113|0x0000000088f00000, 0x0000000088f00000, 0x0000000089000000|  0%| F|  |TAMS 0x0000000088f00000, 0x0000000088f00000| Untracked 
| 114|0x0000000089000000, 0x0000000089000000, 0x0000000089100000|  0%| F|  |TAMS 0x0000000089000000, 0x0000000089000000| Untracked 
| 115|0x0000000089100000, 0x0000000089100000, 0x0000000089200000|  0%| F|  |TAMS 0x0000000089100000, 0x0000000089100000| Untracked 
| 116|0x0000000089200000, 0x0000000089200000, 0x0000000089300000|  0%| F|  |TAMS 0x0000000089200000, 0x0000000089200000| Untracked 
| 117|0x0000000089300000, 0x0000000089300000, 0x0000000089400000|  0%| F|  |TAMS 0x0000000089300000, 0x0000000089300000| Untracked 
| 118|0x0000000089400000, 0x0000000089400000, 0x0000000089500000|  0%| F|  |TAMS 0x0000000089400000, 0x0000000089400000| Untracked 
| 119|0x0000000089500000, 0x0000000089500000, 0x0000000089600000|  0%| F|  |TAMS 0x0000000089500000, 0x0000000089500000| Untracked 
| 120|0x0000000089600000, 0x0000000089600000, 0x0000000089700000|  0%| F|  |TAMS 0x0000000089600000, 0x0000000089600000| Untracked 
| 121|0x0000000089700000, 0x0000000089700000, 0x0000000089800000|  0%| F|  |TAMS 0x0000000089700000, 0x0000000089700000| Untracked 
| 122|0x0000000089800000, 0x0000000089800000, 0x0000000089900000|  0%| F|  |TAMS 0x0000000089800000, 0x0000000089800000| Untracked 
| 123|0x0000000089900000, 0x0000000089943108, 0x0000000089a00000| 26%| E|  |TAMS 0x0000000089900000, 0x0000000089900000| Complete 
| 124|0x0000000089a00000, 0x0000000089b00000, 0x0000000089b00000|100%| E|CS|TAMS 0x0000000089a00000, 0x0000000089a00000| Complete 
| 125|0x0000000089b00000, 0x0000000089c00000, 0x0000000089c00000|100%| E|CS|TAMS 0x0000000089b00000, 0x0000000089b00000| Complete 
| 126|0x0000000089c00000, 0x0000000089d00000, 0x0000000089d00000|100%| E|CS|TAMS 0x0000000089c00000, 0x0000000089c00000| Complete 
| 127|0x0000000089d00000, 0x0000000089e00000, 0x0000000089e00000|100%| E|CS|TAMS 0x0000000089d00000, 0x0000000089d00000| Complete 

Card table byte_map: [0x000001dc24c00000,0x000001dc25000000] _byte_map_base: 0x000001dc247f1000

Marking Bits (Prev, Next): (CMBitMap*) 0x000001dc10265990, (CMBitMap*) 0x000001dc102659d0
 Prev Bits: [0x000001dc25400000, 0x000001dc27388000)
 Next Bits: [0x000001dc27390000, 0x000001dc29318000)

Polling page: 0x000001dc10080000

Metaspace:

Usage:
  Non-class:      8.07 MB used.
      Class:    825.61 KB used.
       Both:      8.87 MB used.

Virtual space:
  Non-class space:       64.00 MB reserved,       8.12 MB ( 13%) committed,  1 nodes.
      Class space:        1.00 GB reserved,     896.00 KB ( <1%) committed,  1 nodes.
             Both:        1.06 GB reserved,       9.00 MB ( <1%) committed. 

Chunk freelists:
   Non-Class:  7.00 MB
       Class:  15.08 MB
        Both:  22.08 MB

MaxMetaspaceSize: unlimited
CompressedClassSpaceSize: 1.00 GB
Initial GC threshold: 21.00 MB
Current GC threshold: 21.00 MB
CDS: off
MetaspaceReclaimPolicy: balanced
 - commit_granule_bytes: 65536.
 - commit_granule_words: 8192.
 - virtual_space_node_default_size: 8388608.
 - enlarge_chunks_in_place: 1.
 - new_chunks_are_fully_committed: 0.
 - uncommit_free_chunks: 1.
 - use_allocation_guard: 0.
 - handle_deallocations: 1.


Internal statistics:

num_allocs_failed_limit: 0.
num_arena_births: 36.
num_arena_deaths: 0.
num_vsnodes_births: 2.
num_vsnodes_deaths: 0.
num_space_committed: 144.
num_space_uncommitted: 0.
num_chunks_returned_to_freelist: 0.
num_chunks_taken_from_freelist: 86.
num_chunk_merges: 0.
num_chunk_splits: 44.
num_chunks_enlarged: 23.
num_inconsistent_stats: 0.

CodeHeap 'non-profiled nmethods': size=120000Kb used=131Kb max_used=131Kb free=119868Kb
 bounds [0x000001dc1ccb0000, 0x000001dc1cf20000, 0x000001dc241e0000]
CodeHeap 'profiled nmethods': size=120000Kb used=535Kb max_used=535Kb free=119464Kb
 bounds [0x000001dc151e0000, 0x000001dc15450000, 0x000001dc1c710000]
CodeHeap 'non-nmethods': size=5760Kb used=1150Kb max_used=1150Kb free=4609Kb
 bounds [0x000001dc1c710000, 0x000001dc1c980000, 0x000001dc1ccb0000]
 total_blobs=869 nmethods=428 adapters=354
 compilation: enabled
              stopped_count=0, restarted_count=0
 full_count=0

Compilation events (20 events):
Event: 0.567 Thread 0x000001dc2baab160 nmethod 418 0x000001dc1cccf890 code [0x000001dc1cccfa20, 0x000001dc1cccfaf8]
Event: 0.568 Thread 0x000001dc2baab160  419       3       jdk.internal.jimage.ImageStringsReader::match (11 bytes)
Event: 0.568 Thread 0x000001dc2baab160 nmethod 419 0x000001dc15260390 code [0x000001dc15260540, 0x000001dc15260708]
Event: 0.568 Thread 0x000001dc2baab160  420       3       jdk.internal.jimage.BasicImageReader::match (37 bytes)
Event: 0.568 Thread 0x000001dc2baab160 nmethod 420 0x000001dc15260810 code [0x000001dc152609c0, 0x000001dc15260c18]
Event: 0.568 Thread 0x000001dc2baab160  421       3       jdk.internal.loader.BuiltinClassLoader::moduleReaderFor (45 bytes)
Event: 0.569 Thread 0x000001dc2baab160 nmethod 421 0x000001dc15260d10 code [0x000001dc15260f00, 0x000001dc152615b8]
Event: 0.573 Thread 0x000001dc300a6e20 nmethod 403 0x000001dc1cccfb90 code [0x000001dc1cccfd00, 0x000001dc1ccd00d8]
Event: 0.573 Thread 0x000001dc300a6e20  407 %     4       java.util.Properties$LineReader::readLine @ 53 (584 bytes)
Event: 0.574 Thread 0x000001dc2baab160  422       3       java.lang.ClassLoader::checkName (37 bytes)
Event: 0.575 Thread 0x000001dc2baab160 nmethod 422 0x000001dc15261790 code [0x000001dc152619e0, 0x000001dc152623b8]
Event: 0.579 Thread 0x000001dc2baab160  423       3       jdk.internal.math.FDBigInteger::mult (64 bytes)
Event: 0.579 Thread 0x000001dc2baab160 nmethod 423 0x000001dc15262710 code [0x000001dc152628c0, 0x000001dc15262b38]
Event: 0.579 Thread 0x000001dc2baab160  424       3       jdk.internal.math.FDBigInteger::<init> (30 bytes)
Event: 0.579 Thread 0x000001dc2baab160 nmethod 424 0x000001dc15262d10 code [0x000001dc15262ec0, 0x000001dc152630c8]
Event: 0.580 Thread 0x000001dc2baab160  425       3       jdk.internal.math.FDBigInteger::trimLeadingZeros (57 bytes)
Event: 0.580 Thread 0x000001dc2baab160 nmethod 425 0x000001dc15263210 code [0x000001dc152633c0, 0x000001dc15263698]
Event: 0.580 Thread 0x000001dc2baab160  426       3       jdk.internal.math.FDBigInteger::size (10 bytes)
Event: 0.581 Thread 0x000001dc2baab160 nmethod 426 0x000001dc15263790 code [0x000001dc15263920, 0x000001dc15263a38]
Event: 0.582 Thread 0x000001dc2baab160  427   !   3       java.lang.invoke.MemberName$Factory::resolve (159 bytes)

GC Heap History (0 events):
No events

Dll operation events (3 events):
Event: 0.020 Loaded shared library C:\Users\Admin\.jdks\jbr-17.0.8.1\bin\java.dll
Event: 0.079 Loaded shared library C:\Users\Admin\.jdks\jbr-17.0.8.1\bin\jsvml.dll
Event: 0.292 Loaded shared library C:\Users\Admin\.jdks\jbr-17.0.8.1\bin\zip.dll

Deoptimization events (20 events):
Event: 0.362 Thread 0x000001dc1020cad0 Uncommon trap: trap_request=0xffffff45 fr.pc=0x000001dc1ccbe1f8 relative=0x0000000000000078
Event: 0.362 Thread 0x000001dc1020cad0 Uncommon trap: reason=unstable_if action=reinterpret pc=0x000001dc1ccbe1f8 method=java.lang.String.isLatin1()Z @ 10 c2
Event: 0.362 Thread 0x000001dc1020cad0 DEOPT PACKING pc=0x000001dc1ccbe1f8 sp=0x000000366f2ff0d0
Event: 0.362 Thread 0x000001dc1020cad0 DEOPT UNPACKING pc=0x000001dc1c7669a3 sp=0x000000366f2ff010 mode 2
Event: 0.455 Thread 0x000001dc1020cad0 Uncommon trap: trap_request=0xffffffde fr.pc=0x000001dc1ccbca58 relative=0x0000000000000878
Event: 0.455 Thread 0x000001dc1020cad0 Uncommon trap: reason=class_check action=maybe_recompile pc=0x000001dc1ccbca58 method=java.util.HashMap.putVal(ILjava/lang/Object;Ljava/lang/Object;ZZ)Ljava/lang/Object; @ 152 c2
Event: 0.455 Thread 0x000001dc1020cad0 DEOPT PACKING pc=0x000001dc1ccbca58 sp=0x000000366f2fdc40
Event: 0.455 Thread 0x000001dc1020cad0 DEOPT UNPACKING pc=0x000001dc1c7669a3 sp=0x000000366f2fdbc0 mode 2
Event: 0.455 Thread 0x000001dc1020cad0 Uncommon trap: trap_request=0xffffffde fr.pc=0x000001dc1ccbca58 relative=0x0000000000000878
Event: 0.455 Thread 0x000001dc1020cad0 Uncommon trap: reason=class_check action=maybe_recompile pc=0x000001dc1ccbca58 method=java.util.HashMap.putVal(ILjava/lang/Object;Ljava/lang/Object;ZZ)Ljava/lang/Object; @ 152 c2
Event: 0.455 Thread 0x000001dc1020cad0 DEOPT PACKING pc=0x000001dc1ccbca58 sp=0x000000366f2fdc40
Event: 0.455 Thread 0x000001dc1020cad0 DEOPT UNPACKING pc=0x000001dc1c7669a3 sp=0x000000366f2fdbc0 mode 2
Event: 0.455 Thread 0x000001dc1020cad0 Uncommon trap: trap_request=0xffffffde fr.pc=0x000001dc1ccbca58 relative=0x0000000000000878
Event: 0.455 Thread 0x000001dc1020cad0 Uncommon trap: reason=class_check action=maybe_recompile pc=0x000001dc1ccbca58 method=java.util.HashMap.putVal(ILjava/lang/Object;Ljava/lang/Object;ZZ)Ljava/lang/Object; @ 152 c2
Event: 0.455 Thread 0x000001dc1020cad0 DEOPT PACKING pc=0x000001dc1ccbca58 sp=0x000000366f2fdc40
Event: 0.455 Thread 0x000001dc1020cad0 DEOPT UNPACKING pc=0x000001dc1c7669a3 sp=0x000000366f2fdbc0 mode 2
Event: 0.455 Thread 0x000001dc1020cad0 Uncommon trap: trap_request=0xffffffde fr.pc=0x000001dc1ccbca58 relative=0x0000000000000878
Event: 0.455 Thread 0x000001dc1020cad0 Uncommon trap: reason=class_check action=maybe_recompile pc=0x000001dc1ccbca58 method=java.util.HashMap.putVal(ILjava/lang/Object;Ljava/lang/Object;ZZ)Ljava/lang/Object; @ 152 c2
Event: 0.455 Thread 0x000001dc1020cad0 DEOPT PACKING pc=0x000001dc1ccbca58 sp=0x000000366f2fdc40
Event: 0.455 Thread 0x000001dc1020cad0 DEOPT UNPACKING pc=0x000001dc1c7669a3 sp=0x000000366f2fdbc0 mode 2

Classes unloaded (0 events):
No events

Classes redefined (0 events):
No events

Internal exceptions (4 events):
Event: 0.401 Thread 0x000001dc2bcdea40 Exception <a 'java/lang/NoSuchMethodError'{0x0000000089b48498}: 'java.lang.Object java.lang.invoke.DirectMethodHandle$Holder.invokeStaticInit(java.lang.Object)'> (0x0000000089b48498) 
thrown [s\src\hotspot\share\interpreter\linkResolver.cpp, line 771]
Event: 0.416 Thread 0x000001dc2bcdea40 Exception <a 'java/lang/NoSuchMethodError'{0x0000000089b55a88}: 'void java.lang.invoke.DirectMethodHandle$Holder.invokeStatic(java.lang.Object, java.lang.Object)'> (0x0000000089b55a88) 
thrown [s\src\hotspot\share\interpreter\linkResolver.cpp, line 771]
Event: 0.528 Thread 0x000001dc1020cad0 Exception <a 'java/lang/NoSuchMethodError'{0x0000000089a97340}: 'java.lang.Object java.lang.invoke.DirectMethodHandle$Holder.invokeInterface(java.lang.Object, java.lang.Object)'> (0x0000000089a97340) 
thrown [s\src\hotspot\share\interpreter\linkResolver.cpp, line 771]
Event: 0.583 Thread 0x000001dc1020cad0 Exception <a 'java/lang/NoSuchMethodError'{0x00000000899186e0}: 'void java.lang.invoke.DirectMethodHandle$Holder.invokeSpecial(java.lang.Object, java.lang.Object, java.lang.Object)'> (0x00000000899186e0) 
thrown [s\src\hotspot\share\interpreter\linkResolver.cpp, line 771]

VM Operations (6 events):
Event: 0.256 Executing VM operation: HandshakeAllThreads
Event: 0.256 Executing VM operation: HandshakeAllThreads done
Event: 0.396 Executing VM operation: HandshakeAllThreads
Event: 0.396 Executing VM operation: HandshakeAllThreads done
Event: 0.468 Executing VM operation: HandshakeAllThreads
Event: 0.468 Executing VM operation: HandshakeAllThreads done

Events (20 events):
Event: 0.577 loading class jdk/internal/math/FloatingDecimal$BinaryToASCIIBuffer
Event: 0.577 loading class jdk/internal/math/FloatingDecimal$BinaryToASCIIBuffer done
Event: 0.577 loading class jdk/internal/math/FloatingDecimal$1
Event: 0.577 loading class jdk/internal/math/FloatingDecimal$1 done
Event: 0.577 loading class jdk/internal/math/FloatingDecimal$PreparedASCIIToBinaryBuffer
Event: 0.577 loading class jdk/internal/math/FloatingDecimal$ASCIIToBinaryConverter
Event: 0.577 loading class jdk/internal/math/FloatingDecimal$ASCIIToBinaryConverter done
Event: 0.577 loading class jdk/internal/math/FloatingDecimal$PreparedASCIIToBinaryBuffer done
Event: 0.578 loading class jdk/internal/math/FDBigInteger
Event: 0.578 loading class jdk/internal/math/FDBigInteger done
Event: 0.579 loading class java/math/MathContext
Event: 0.580 loading class java/math/MathContext done
Event: 0.580 loading class java/math/RoundingMode
Event: 0.580 loading class java/math/RoundingMode done
Event: 0.581 loading class java/util/Collections$UnmodifiableMap$UnmodifiableEntrySet
Event: 0.582 loading class java/util/Collections$UnmodifiableMap$UnmodifiableEntrySet done
Event: 0.582 loading class java/util/Collections$UnmodifiableMap$UnmodifiableEntrySet$UnmodifiableEntrySetSpliterator
Event: 0.582 loading class java/util/Collections$UnmodifiableMap$UnmodifiableEntrySet$UnmodifiableEntrySetSpliterator done
Event: 0.582 loading class java/util/HashMap$EntrySpliterator
Event: 0.582 loading class java/util/HashMap$EntrySpliterator done


Dynamic libraries:
0x00007ff66ab10000 - 0x00007ff66ab1a000 	C:\Users\Admin\.jdks\jbr-17.0.8.1\bin\java.exe
0x00007ff92acb0000 - 0x00007ff92aea8000 	C:\Windows\SYSTEM32\ntdll.dll
0x00007ff9294e0000 - 0x00007ff92959d000 	C:\Windows\System32\KERNEL32.DLL
0x00007ff928390000 - 0x00007ff928686000 	C:\Windows\System32\KERNELBASE.dll
0x00007ff9286e0000 - 0x00007ff9287e0000 	C:\Windows\System32\ucrtbase.dll
0x00007ff920230000 - 0x00007ff920247000 	C:\Users\Admin\.jdks\jbr-17.0.8.1\bin\jli.dll
0x00007ff9292d0000 - 0x00007ff92946e000 	C:\Windows\System32\USER32.dll
0x00007ff928cb0000 - 0x00007ff928cd2000 	C:\Windows\System32\win32u.dll
0x00007ff92ac40000 - 0x00007ff92ac6b000 	C:\Windows\System32\GDI32.dll
0x00007ff928b90000 - 0x00007ff928ca7000 	C:\Windows\System32\gdi32full.dll
0x00007ff928a80000 - 0x00007ff928b1d000 	C:\Windows\System32\msvcp_win.dll
0x00007ff912c80000 - 0x00007ff912f1a000 	C:\Windows\WinSxS\amd64_microsoft.windows.common-controls_6595b64144ccf1df_6.0.19041.3636_none_60b6a03d71f818d5\COMCTL32.dll
0x00007ff92a0d0000 - 0x00007ff92a16e000 	C:\Windows\System32\msvcrt.dll
0x00007ff916280000 - 0x00007ff91629b000 	C:\Users\Admin\.jdks\jbr-17.0.8.1\bin\VCRUNTIME140.dll
0x00007ff92aad0000 - 0x00007ff92ab02000 	C:\Windows\System32\IMM32.DLL
0x00007ff923ad0000 - 0x00007ff923adc000 	C:\Users\Admin\.jdks\jbr-17.0.8.1\bin\vcruntime140_1.dll
0x00007ff8f65a0000 - 0x00007ff8f662d000 	C:\Users\Admin\.jdks\jbr-17.0.8.1\bin\msvcp140.dll
0x00007ff8e3b50000 - 0x00007ff8e47d3000 	C:\Users\Admin\.jdks\jbr-17.0.8.1\bin\server\jvm.dll
0x00007ff9295a0000 - 0x00007ff929650000 	C:\Windows\System32\ADVAPI32.dll
0x00007ff92a170000 - 0x00007ff92a210000 	C:\Windows\System32\sechost.dll
0x00007ff9296c0000 - 0x00007ff9297e5000 	C:\Windows\System32\RPCRT4.dll
0x00007ff928360000 - 0x00007ff928387000 	C:\Windows\System32\bcrypt.dll
0x00007ff9281c0000 - 0x00007ff92820b000 	C:\Windows\SYSTEM32\POWRPROF.dll
0x00007ff923aa0000 - 0x00007ff923aa9000 	C:\Windows\SYSTEM32\WSOCK32.dll
0x00007ff92a8d0000 - 0x00007ff92a93b000 	C:\Windows\System32\WS2_32.dll
0x00007ff90fd50000 - 0x00007ff90fd77000 	C:\Windows\SYSTEM32\WINMM.dll
0x00007ff91f640000 - 0x00007ff91f64a000 	C:\Windows\SYSTEM32\VERSION.dll
0x00007ff9281a0000 - 0x00007ff9281b2000 	C:\Windows\SYSTEM32\UMPDC.dll
0x00007ff926ba0000 - 0x00007ff926bb2000 	C:\Windows\SYSTEM32\kernel.appcore.dll
0x00007ff923ab0000 - 0x00007ff923aba000 	C:\Users\Admin\.jdks\jbr-17.0.8.1\bin\jimage.dll
0x00007ff91b140000 - 0x00007ff91b324000 	C:\Windows\SYSTEM32\DBGHELP.DLL
0x00007ff90d950000 - 0x00007ff90d984000 	C:\Windows\SYSTEM32\dbgcore.DLL
0x00007ff9287e0000 - 0x00007ff928862000 	C:\Windows\System32\bcryptPrimitives.dll
0x00007ff913270000 - 0x00007ff91327e000 	C:\Users\Admin\.jdks\jbr-17.0.8.1\bin\instrument.dll
0x00007ff9139e0000 - 0x00007ff913a05000 	C:\Users\Admin\.jdks\jbr-17.0.8.1\bin\java.dll
0x00007ff914eb0000 - 0x00007ff914ec8000 	C:\Users\Admin\.jdks\jbr-17.0.8.1\bin\zip.dll
0x00007ff8f1ce0000 - 0x00007ff8f1db7000 	C:\Users\Admin\.jdks\jbr-17.0.8.1\bin\jsvml.dll
0x00007ff929900000 - 0x00007ff92a06b000 	C:\Windows\System32\SHELL32.dll
0x00007ff9263f0000 - 0x00007ff926b8e000 	C:\Windows\SYSTEM32\windows.storage.dll
0x00007ff928e50000 - 0x00007ff9291a3000 	C:\Windows\System32\combase.dll
0x00007ff927cc0000 - 0x00007ff927cee000 	C:\Windows\SYSTEM32\Wldp.dll
0x00007ff928ce0000 - 0x00007ff928dad000 	C:\Windows\System32\OLEAUT32.dll
0x00007ff929850000 - 0x00007ff9298fd000 	C:\Windows\System32\SHCORE.dll
0x00007ff929660000 - 0x00007ff9296b5000 	C:\Windows\System32\shlwapi.dll
0x00007ff928290000 - 0x00007ff9282b5000 	C:\Windows\SYSTEM32\profapi.dll
0x00007ff9139c0000 - 0x00007ff9139d9000 	C:\Users\Admin\.jdks\jbr-17.0.8.1\bin\net.dll
0x00007ff914780000 - 0x00007ff91488a000 	C:\Windows\SYSTEM32\WINHTTP.dll
0x00007ff927a20000 - 0x00007ff927a8a000 	C:\Windows\system32\mswsock.dll
0x00007ff9139a0000 - 0x00007ff9139b6000 	C:\Users\Admin\.jdks\jbr-17.0.8.1\bin\nio.dll
0x00007ff9063d0000 - 0x00007ff9063ea000 	C:\Program Files\JetBrains\IntelliJ IDEA 2023.2.2\bin\breakgen64.dll

dbghelp: loaded successfully - version: 4.0.5 - missing functions: none
symbol engine: initialized successfully - sym options: 0x614 - pdb path: .;C:\Users\Admin\.jdks\jbr-17.0.8.1\bin;C:\Windows\SYSTEM32;C:\Windows\WinSxS\amd64_microsoft.windows.common-controls_6595b64144ccf1df_6.0.19041.3636_none_60b6a03d71f818d5;C:\Users\Admin\.jdks\jbr-17.0.8.1\bin\server;C:\Program Files\JetBrains\IntelliJ IDEA 2023.2.2\bin

VM Arguments:
jvm_args: -javaagent:C:\Program Files\JetBrains\IntelliJ IDEA 2023.2.2\lib\idea_rt.jar=56186:C:\Program Files\JetBrains\IntelliJ IDEA 2023.2.2\bin -Dfile.encoding=UTF-8 
java_command: org.example.Main
java_class_path (initial): C:\Users\Admin\Desktop\projetfeten2\target\classes;C:\Users\Admin\.m2\repository\com\mysql\mysql-connector-j\8.0.33\mysql-connector-j-8.0.33.jar;C:\Users\Admin\.m2\repository\com\google\protobuf\protobuf-java\3.21.9\protobuf-java-3.21.9.jar
Launcher Type: SUN_STANDARD

[Global flags]
     intx CICompilerCount                          = 3                                         {product} {ergonomic}
     uint ConcGCThreads                            = 1                                         {product} {ergonomic}
     uint G1ConcRefinementThreads                  = 4                                         {product} {ergonomic}
   size_t G1HeapRegionSize                         = 1048576                                   {product} {ergonomic}
    uintx GCDrainStackTargetSize                   = 64                                        {product} {ergonomic}
   size_t InitialHeapSize                          = 134217728                                 {product} {ergonomic}
   size_t MarkStackSize                            = 4194304                                   {product} {ergonomic}
   size_t MaxHeapSize                              = 2116026368                                {product} {ergonomic}
   size_t MaxNewSize                               = 1268776960                                {product} {ergonomic}
   size_t MinHeapDeltaBytes                        = 1048576                                   {product} {ergonomic}
   size_t MinHeapSize                              = 8388608                                   {product} {ergonomic}
    uintx NonNMethodCodeHeapSize                   = 5832780                                {pd product} {ergonomic}
    uintx NonProfiledCodeHeapSize                  = 122912730                              {pd product} {ergonomic}
    uintx ProfiledCodeHeapSize                     = 122912730                              {pd product} {ergonomic}
    uintx ReservedCodeCacheSize                    = 251658240                              {pd product} {ergonomic}
     bool SegmentedCodeCache                       = true                                      {product} {ergonomic}
   size_t SoftMaxHeapSize                          = 2116026368                             {manageable} {ergonomic}
     bool UseCompressedClassPointers               = true                           {product lp64_product} {ergonomic}
     bool UseCompressedOops                        = true                           {product lp64_product} {ergonomic}
     bool UseG1GC                                  = true                                      {product} {ergonomic}
     bool UseLargePagesIndividualAllocation        = false                                  {pd product} {ergonomic}

Logging:
Log output configuration:
 #0: stdout all=warning uptime,level,tags
 #1: stderr all=off uptime,level,tags

Environment Variables:
PATH=C:\oraclexe\app\oracle\product\10.2.0\server\bin;C:\Program Files (x86)\VMware\VMware Workstation\bin\;C:\Windows\system32;C:\Windows;C:\Windows\System32\Wbem;C:\Windows\System32\WindowsPowerShell\v1.0\;C:\Windows\System32\OpenSSH\;C:\Program Files\Git\cmd;C:\xampp3\php;C:\composer;C:\Users\Admin\scoop\shims;C:\Users\Admin\AppData\Local\Microsoft\WindowsApps;C:\Users\Admin\AppData\Local\Programs\Microsoft VS Code\bin;C:\Users\Admin\AppData\Roaming\Composer\vendor\bin;C:\Users\Admin\.jdks\jbr-17.0.8.1-1;
USERNAME=Admin
OS=Windows_NT
PROCESSOR_IDENTIFIER=Intel64 Family 6 Model 142 Stepping 9, GenuineIntel
TMP=C:\Users\Admin\AppData\Local\Temp
TEMP=C:\Users\Admin\AppData\Local\Temp


JNI global refs:
JNI global refs: 13, weak refs: 0

JNI global refs memory usage: 843, weak refs: 209

OOME stack traces (most recent first):
Classloader memory used:
Loader bootstrap                                                                       : 1096K
Loader jdk.internal.loader.ClassLoaders$AppClassLoader                                 : 33427B
Loader jdk.internal.loader.ClassLoaders$PlatformClassLoader                            : 6635B


---------------  S Y S T E M  ---------------

OS:
 Windows 10 , 64 bit Build 19041 (10.0.19041.3636)
OS uptime: 20 days 12:55 hours

CPU: total 4 (initial active 4) (2 cores per cpu, 2 threads per core) family 6 model 142 stepping 9 microcode 0xf4, cx8, cmov, fxsr, ht, mmx, 3dnowpref, sse, sse2, sse3, ssse3, sse4.1, sse4.2, popcnt, lzcnt, tsc, tscinvbit, avx, avx2, aes, erms, clmul, bmi1, bmi2, rtm, adx, fma, vzeroupper, clflush, clflushopt
Processor Information for processor 0
  Max Mhz: 2712, Current Mhz: 1406, Mhz Limit: 2603
Processor Information for processor 1
  Max Mhz: 2712, Current Mhz: 2611, Mhz Limit: 2603
Processor Information for processor 2
  Max Mhz: 2712, Current Mhz: 2611, Mhz Limit: 2603
Processor Information for processor 3
  Max Mhz: 2712, Current Mhz: 2611, Mhz Limit: 2603

Memory: 4k page, system-wide physical 8067M (1133M free)
TotalPageFile size 12523M (AvailPageFile size 4M)
current process WorkingSet (physical memory assigned to process): 46M, peak: 46M
current process commit charge ("private bytes"): 205M, peak: 207M

vm_info: OpenJDK 64-Bit Server VM (17.0.8.1+7-b1059.3) for windows-amd64 JRE (17.0.8.1+7-b1059.3), built on 2023-09-11 by "builduser" with MS VC++ 16.10 / 16.11 (VS2019)

END.
