#
# There is insufficient memory for the Java Runtime Environment to continue.
# Native memory allocation (mmap) failed to map 134217728 bytes for G1 virtual space
# Possible reasons:
#   The system is out of physical RAM or swap space
#   The process is running with CompressedOops enabled, and the Java Heap may be blocking the growth of the native heap
# Possible solutions:
#   Reduce memory load on the system
#   Increase physical memory or swap space
#   Check if swap backing store is full
#   Decrease Java heap size (-Xmx/-Xms)
#   Decrease number of Java threads
#   Decrease Java thread stack sizes (-Xss)
#   Set larger code cache with -XX:ReservedCodeCacheSize=
#   JVM is running with Unscaled Compressed Oops mode in which the Java heap is
#     placed in the first 4GB address space. The Java Heap base address is the
#     maximum limit for the native heap growth. Please use -XX:HeapBaseMinAddress
#     to set the Java Heap base and to place the Java Heap above 4GB virtual address.
# This output file may be truncated or incomplete.
#
#  Out of Memory Error (os_windows.cpp:3825), pid=3516, tid=4456
#
# JRE version:  (17.0.8.1+7) (build )
# Java VM: OpenJDK 64-Bit Server VM (17.0.8.1+7-b1059.3, mixed mode, sharing, tiered, compressed oops, compressed class ptrs, g1 gc, windows-amd64)
# No core dump will be written. Minidumps are not enabled by default on client versions of Windows
#

---------------  S U M M A R Y ------------

Command Line: -javaagent:C:\Program Files\JetBrains\IntelliJ IDEA 2023.2.2\lib\idea_rt.jar=56193:C:\Program Files\JetBrains\IntelliJ IDEA 2023.2.2\bin -Dfile.encoding=UTF-8 org.example.Main

Host: Intel(R) Core(TM) i5-7300U CPU @ 2.60GHz, 4 cores, 7G,  Windows 10 , 64 bit Build 19041 (10.0.19041.3636)
Time: Thu Apr  4 02:24:02 2024 Paris, Madrid (heure duild 19041 (10.0.19041.3636) elapsed time: 0.018555 seconds (0d 0h 0m 0s)

---------------  T H R E A D  ---------------

Current thread (0x000002ae7fcfc4f0):  JavaThread "Unknown thread" [_thread_in_vm, id=4456, stack(0x000000cf89e00000,0x000000cf89f00000)]

Stack: [0x000000cf89e00000,0x000000cf89f00000]
Native frames: (J=compiled Java code, j=interpreted, Vv=VM code, C=native code)
V  [jvm.dll+0x6852da]  os::platform_print_native_stack+0xca  (os_windows_x86.cpp:235)
V  [jvm.dll+0x844ad4]  VMError::report+0xc34  (vmError.cpp:741)
V  [jvm.dll+0x8463ee]  VMError::report_and_die+0x78e  (vmError.cpp:1582)
V  [jvm.dll+0x846a53]  VMError::report_and_die+0x43  (vmError.cpp:1368)
V  [jvm.dll+0x24b7cf]  report_vm_out_of_memory+0x8f  (debug.cpp:321)
V  [jvm.dll+0x682099]  os::pd_commit_memory_or_exit+0xc9  (os_windows.cpp:3833)
V  [jvm.dll+0x67677a]  os::commit_memory_or_exit+0x2a  (os.cpp:1750)
V  [jvm.dll+0x30be2b]  G1PageBasedVirtualSpace::commit+0x19b  (g1PageBasedVirtualSpace.cpp:204)
V  [jvm.dll+0x3132d6]  G1RegionsLargerThanCommitSizeMapper::commit_regions+0x96  (g1RegionToSpaceMapper.cpp:100)
V  [jvm.dll+0x36302e]  HeapRegionManager::expand_any+0xee  (heapRegionManager.cpp:363)
V  [jvm.dll+0x36325f]  HeapRegionManager::expand_by+0x7f  (heapRegionManager.cpp:380)
V  [jvm.dll+0x2e1f48]  G1CollectedHeap::expand+0xb8  (g1CollectedHeap.cpp:1298)
V  [jvm.dll+0x2e2eb4]  G1CollectedHeap::initialize+0x664  (g1CollectedHeap.cpp:1719)
V  [jvm.dll+0x815a61]  universe_init+0xb1  (universe.cpp:736)
V  [jvm.dll+0x370df1]  init_globals+0x31  (init.cpp:124)
V  [jvm.dll+0x7f4e2c]  Threads::create_vm+0x60c  (thread.cpp:2901)
V  [jvm.dll+0x3f3f1f]  (jni.cpp:3635)
V  [jvm.dll+0x3f5b31]  JNI_CreateJavaVM+0x11  (jni.cpp:3727)
C  [jli.dll+0x528f]  (java.c:413)
C  [ucrtbase.dll+0x21bb2]
C  [KERNEL32.DLL+0x17344]
C  [ntdll.dll+0x526b1]


---------------  P R O C E S S  ---------------

Threads class SMR info:
_java_thread_list=0x00007ff8e46900d8, length=0, elements={
}

Java Threads: ( => current thread )

Other Threads:
  0x000002ae7fd54d90 GCTaskThread "GC Thread#0" [stack: 0x000000cf89f00000,0x000000cf8a000000] [id=9696]
  0x000002ae7fd65920 ConcurrentGCThread "G1 Main Marker" [stack: 0x000000cf8a000000,0x000000cf8a100000] [id=9908]
  0x000002ae7fd66330 ConcurrentGCThread "G1 Conc#0" [stack: 0x000000cf8a100000,0x000000cf8a200000] [id=16520]

[error occurred during error reporting (printing all threads), id 0xc0000005, EXCEPTION_ACCESS_VIOLATION (0xc0000005) at pc=0x00007ff8e3e42ab7]

VM state: not at safepoint (not fully initialized)

VM Mutex/Monitor currently owned by a thread:  ([mutex/lock_event])
[0x000002ae7fcf74e0] Heap_lock - owner thread: 0x000002ae7fcfc4f0

Heap address: 0x0000000081e00000, size: 2018 MB, Compressed Oops mode: 32-bit

CDS archive(s) mapped at: [0x0000000000000000-0x0000000000000000-0x0000000000000000), size 0, SharedBaseAddress: 0x0000000800000000, ArchiveRelocationMode: 1.
Narrow klass base: 0x0000000000000000, Narrow klass shift: 0, Narrow klass range: 0x0

GC Precious Log:
<Empty>

Heap:
 garbage-first heap   total 0K, used 0K [0x0000000081e00000, 0x0000000100000000)
  region size 1024K, 0 young (0K), 0 survivors (0K)
 Metaspace       used 0K, committed 0K, reserved 0K
  class space    used 0K, committed 0K, reserved 0K

Heap Regions: E=young(eden), S=young(survivor), O=old, HS=humongous(starts), HC=humongous(continues), CS=collection set, F=free, OA=open archive, CA=closed archive, TAMS=top-at-mark-start (previous, next)

Card table byte_map: [0x000002ae12f50000,0x000002ae13350000] _byte_map_base: 0x000002ae12b41000

Marking Bits (Prev, Next): (CMBitMap*) 0x000002ae7fd553b0, (CMBitMap*) 0x000002ae7fd553f0
 Prev Bits: [0x000002ae13750000, 0x000002ae156d8000)
 Next Bits: [0x000002ae156e0000, 0x000002ae17668000)

GC Heap History (0 events):
No events

Dll operation events (1 events):
Event: 0.012 Loaded shared library C:\Users\Admin\.jdks\jbr-17.0.8.1\bin\java.dll

Deoptimization events (0 events):
No events

Classes unloaded (0 events):
No events

Classes redefined (0 events):
No events

Internal exceptions (0 events):
No events

VM Operations (0 events):
No events

Events (0 events):
No events


Dynamic libraries:
0x00007ff66ab10000 - 0x00007ff66ab1a000 	C:\Users\Admin\.jdks\jbr-17.0.8.1\bin\java.exe
0x00007ff92acb0000 - 0x00007ff92aea8000 	C:\Windows\SYSTEM32\ntdll.dll
0x00007ff9294e0000 - 0x00007ff92959d000 	C:\Windows\System32\KERNEL32.DLL
0x00007ff928390000 - 0x00007ff928686000 	C:\Windows\System32\KERNELBASE.dll
0x00007ff9286e0000 - 0x00007ff9287e0000 	C:\Windows\System32\ucrtbase.dll
0x00007ff920230000 - 0x00007ff920247000 	C:\Users\Admin\.jdks\jbr-17.0.8.1\bin\jli.dll
0x00007ff916280000 - 0x00007ff91629b000 	C:\Users\Admin\.jdks\jbr-17.0.8.1\bin\VCRUNTIME140.dll
0x00007ff9292d0000 - 0x00007ff92946e000 	C:\Windows\System32\USER32.dll
0x00007ff928cb0000 - 0x00007ff928cd2000 	C:\Windows\System32\win32u.dll
0x00007ff92ac40000 - 0x00007ff92ac6b000 	C:\Windows\System32\GDI32.dll
0x00007ff912c80000 - 0x00007ff912f1a000 	C:\Windows\WinSxS\amd64_microsoft.windows.common-controls_6595b64144ccf1df_6.0.19041.3636_none_60b6a03d71f818d5\COMCTL32.dll
0x00007ff928b90000 - 0x00007ff928ca7000 	C:\Windows\System32\gdi32full.dll
0x00007ff928a80000 - 0x00007ff928b1d000 	C:\Windows\System32\msvcp_win.dll
0x00007ff92a0d0000 - 0x00007ff92a16e000 	C:\Windows\System32\msvcrt.dll
0x00007ff92aad0000 - 0x00007ff92ab02000 	C:\Windows\System32\IMM32.DLL
0x00007ff923ad0000 - 0x00007ff923adc000 	C:\Users\Admin\.jdks\jbr-17.0.8.1\bin\vcruntime140_1.dll
0x00007ff8f65a0000 - 0x00007ff8f662d000 	C:\Users\Admin\.jdks\jbr-17.0.8.1\bin\msvcp140.dll
0x00007ff8e3b50000 - 0x00007ff8e47d3000 	C:\Users\Admin\.jdks\jbr-17.0.8.1\bin\server\jvm.dll
0x00007ff9295a0000 - 0x00007ff929650000 	C:\Windows\System32\ADVAPI32.dll
0x00007ff92a170000 - 0x00007ff92a210000 	C:\Windows\System32\sechost.dll
0x00007ff9296c0000 - 0x00007ff9297e5000 	C:\Windows\System32\RPCRT4.dll
0x00007ff928360000 - 0x00007ff928387000 	C:\Windows\System32\bcrypt.dll
0x00007ff9281c0000 - 0x00007ff92820b000 	C:\Windows\SYSTEM32\POWRPROF.dll
0x00007ff923aa0000 - 0x00007ff923aa9000 	C:\Windows\SYSTEM32\WSOCK32.dll
0x00007ff92a8d0000 - 0x00007ff92a93b000 	C:\Windows\System32\WS2_32.dll
0x00007ff90fd50000 - 0x00007ff90fd77000 	C:\Windows\SYSTEM32\WINMM.dll
0x00007ff91f640000 - 0x00007ff91f64a000 	C:\Windows\SYSTEM32\VERSION.dll
0x00007ff9281a0000 - 0x00007ff9281b2000 	C:\Windows\SYSTEM32\UMPDC.dll
0x00007ff926ba0000 - 0x00007ff926bb2000 	C:\Windows\SYSTEM32\kernel.appcore.dll
0x00007ff923ab0000 - 0x00007ff923aba000 	C:\Users\Admin\.jdks\jbr-17.0.8.1\bin\jimage.dll
0x00007ff91b140000 - 0x00007ff91b324000 	C:\Windows\SYSTEM32\DBGHELP.DLL
0x00007ff90d950000 - 0x00007ff90d984000 	C:\Windows\SYSTEM32\dbgcore.DLL
0x00007ff9287e0000 - 0x00007ff928862000 	C:\Windows\System32\bcryptPrimitives.dll
0x00007ff9143e0000 - 0x00007ff9143ee000 	C:\Users\Admin\.jdks\jbr-17.0.8.1\bin\instrument.dll
0x00007ff9139e0000 - 0x00007ff913a05000 	C:\Users\Admin\.jdks\jbr-17.0.8.1\bin\java.dll

dbghelp: loaded successfully - version: 4.0.5 - missing functions: none
symbol engine: initialized successfully - sym options: 0x614 - pdb path: .;C:\Users\Admin\.jdks\jbr-17.0.8.1\bin;C:\Windows\SYSTEM32;C:\Windows\WinSxS\amd64_microsoft.windows.common-controls_6595b64144ccf1df_6.0.19041.3636_none_60b6a03d71f818d5;C:\Users\Admin\.jdks\jbr-17.0.8.1\bin\server

VM Arguments:
jvm_args: -javaagent:C:\Program Files\JetBrains\IntelliJ IDEA 2023.2.2\lib\idea_rt.jar=56193:C:\Program Files\JetBrains\IntelliJ IDEA 2023.2.2\bin -Dfile.encoding=UTF-8 
java_command: org.example.Main
java_class_path (initial): C:\Users\Admin\Desktop\projetfeten2\target\classes;C:\Users\Admin\.m2\repository\com\mysql\mysql-connector-j\8.0.33\mysql-connector-j-8.0.33.jar;C:\Users\Admin\.m2\repository\com\google\protobuf\protobuf-java\3.21.9\protobuf-java-3.21.9.jar
Launcher Type: SUN_STANDARD

[Global flags]
     intx CICompilerCount                          = 3                                         {product} {ergonomic}
     uint ConcGCThreads                            = 1                                         {product} {ergonomic}
     uint G1ConcRefinementThreads                  = 4                                         {product} {ergonomic}
   size_t G1HeapRegionSize                         = 1048576                                   {product} {ergonomic}
    uintx GCDrainStackTargetSize                   = 64                                        {product} {ergonomic}
   size_t InitialHeapSize                          = 134217728                                 {product} {ergonomic}
   size_t MarkStackSize                            = 4194304                                   {product} {ergonomic}
   size_t MaxHeapSize                              = 2116026368                                {product} {ergonomic}
   size_t MinHeapDeltaBytes                        = 1048576                                   {product} {ergonomic}
   size_t MinHeapSize                              = 8388608                                   {product} {ergonomic}
    uintx NonNMethodCodeHeapSize                   = 5832780                                {pd product} {ergonomic}
    uintx NonProfiledCodeHeapSize                  = 122912730                              {pd product} {ergonomic}
    uintx ProfiledCodeHeapSize                     = 122912730                              {pd product} {ergonomic}
    uintx ReservedCodeCacheSize                    = 251658240                              {pd product} {ergonomic}
     bool SegmentedCodeCache                       = true                                      {product} {ergonomic}
   size_t SoftMaxHeapSize                          = 2116026368                             {manageable} {ergonomic}
     bool UseCompressedClassPointers               = true                           {product lp64_product} {ergonomic}
     bool UseCompressedOops                        = true                           {product lp64_product} {ergonomic}
     bool UseG1GC                                  = true                                      {product} {ergonomic}
     bool UseLargePagesIndividualAllocation        = false                                  {pd product} {ergonomic}

Logging:
Log output configuration:
 #0: stdout all=warning uptime,level,tags
 #1: stderr all=off uptime,level,tags

Environment Variables:
PATH=C:\oraclexe\app\oracle\product\10.2.0\server\bin;C:\Program Files (x86)\VMware\VMware Workstation\bin\;C:\Windows\system32;C:\Windows;C:\Windows\System32\Wbem;C:\Windows\System32\WindowsPowerShell\v1.0\;C:\Windows\System32\OpenSSH\;C:\Program Files\Git\cmd;C:\xampp3\php;C:\composer;C:\Users\Admin\scoop\shims;C:\Users\Admin\AppData\Local\Microsoft\WindowsApps;C:\Users\Admin\AppData\Local\Programs\Microsoft VS Code\bin;C:\Users\Admin\AppData\Roaming\Composer\vendor\bin;C:\Users\Admin\.jdks\jbr-17.0.8.1-1;
USERNAME=Admin
OS=Windows_NT
PROCESSOR_IDENTIFIER=Intel64 Family 6 Model 142 Stepping 9, GenuineIntel
TMP=C:\Users\Admin\AppData\Local\Temp
TEMP=C:\Users\Admin\AppData\Local\Temp


JNI global refs:
JNI global refs: 0, weak refs: 0

JNI global refs memory usage: 0, weak refs: 0

OOME stack traces (most recent first):
Classloader memory used:


---------------  S Y S T E M  ---------------

OS:
 Windows 10 , 64 bit Build 19041 (10.0.19041.3636)
OS uptime: 20 days 12:56 hours

CPU: total 4 (initial active 4) (2 cores per cpu, 2 threads per core) family 6 model 142 stepping 9 microcode 0xf4, cx8, cmov, fxsr, ht, mmx, 3dnowpref, sse, sse2, sse3, ssse3, sse4.1, sse4.2, popcnt, lzcnt, tsc, tscinvbit, avx, avx2, aes, erms, clmul, bmi1, bmi2, rtm, adx, fma, vzeroupper, clflush, clflushopt
Processor Information for processor 0
  Max Mhz: 2712, Current Mhz: 2611, Mhz Limit: 2603
Processor Information for processor 1
  Max Mhz: 2712, Current Mhz: 2611, Mhz Limit: 2603
Processor Information for processor 2
  Max Mhz: 2712, Current Mhz: 2611, Mhz Limit: 2603
Processor Information for processor 3
  Max Mhz: 2712, Current Mhz: 1406, Mhz Limit: 2603

Memory: 4k page, system-wide physical 8067M (1025M free)
TotalPageFile size 12523M (AvailPageFile size 4M)
current process WorkingSet (physical memory assigned to process): 35M, peak: 35M
current process commit charge ("private bytes"): 76M, peak: 179M

vm_info: OpenJDK 64-Bit Server VM (17.0.8.1+7-b1059.3) for windows-amd64 JRE (17.0.8.1+7-b1059.3), built on 2023-09-11 by "builduser" with MS VC++ 16.10 / 16.11 (VS2019)

END.
